{
    "stats": {
        "suites": 1,
        "tests": 1,
        "passes": 0,
        "pending": 0,
        "failures": 1,
        "start": "2022-04-27T14:51:29.430Z",
        "end": "2022-04-27T14:51:39.845Z",
        "duration": 99999,
        "testsRegistered": 1,
        "passPercent": 0,
        "pendingPercent": 0,
        "other": 0,
        "hasOther": false,
        "skipped": 0,
        "hasSkipped": false
    },
    "results": [
        {
            "uuid": "638acbb4-2df2-47b1-a41b-28f1959b2a63",
            "title": "",
            "fullFile": "cypress/integration/usages/local.js",
            "file": "cypress/integration/usages/local.js",
            "beforeHooks": [],
            "afterHooks": [],
            "tests": [],
            "suites": [
                {
                    "uuid": "63c686e1-9362-4ad9-ad21-05b4426f0513",
                    "title": "UnknownSpec spec crashed, check logs",
                    "fullFile": "",
                    "file": "",
                    "beforeHooks": [],
                    "afterHooks": [],
                    "tests": [
                        {
                            "title": "UnknownSpec spec crashed, check logs",
                            "fullTitle": "UnknownSpec spec crashed, please check logs",
                            "timedOut": null,
                            "duration": 9999,
                            "state": "failed",
                            "speed": "medium",
                            "pass": false,
                            "fail": true,
                            "pending": false,
                            "context": null,
                            "code": "no code available\n",
                            "err": {},
                            "uuid": "b585ff8f-32d3-4952-9403-e98a10427913",
                            "parentUUID": "63c686e1-9362-4ad9-ad21-05b4426f0513",
                            "isHook": false,
                            "skipped": false
                        }
                    ],
                    "suites": [],
                    "passes": [],
                    "failures": ["b585ff8f-32d3-4952-9403-e98a10427913"],
                    "pending": [],
                    "skipped": [],
                    "duration": 9999,
                    "root": false,
                    "rootEmpty": false,
                    "_timeout": 2000
                }
            ],
            "passes": [],
            "failures": [],
            "pending": [],
            "skipped": [],
            "duration": 0,
            "root": true,
            "rootEmpty": true,
            "_timeout": 2000
        }
    ],
    "meta": {
        "mocha": {
            "version": "7.0.1"
        },
        "mochawesome": {
            "options": {
                "quiet": false,
                "reportFilename": "mochawesome",
                "saveHtml": false,
                "saveJson": true,
                "consoleReporter": "spec",
                "useInlineDiffs": false,
                "code": true
            },
            "version": "7.1.3"
        },
        "marge": {
            "options": {
                "id": "default",
                "reportDir": "./test-reports/123456789",
                "overwrite": false,
                "html": false,
                "json": true
            },
            "version": "6.2.0"
        }
    }
}
